<?xml version="1.0" encoding="UTF-8"?>
<!-- Generated by org.testng.reporters.JUnitReportReporter -->
<testsuite hostname="LAPTOP-4BVHV7CE" failures="0" tests="1" name="com.inetbanking.testCases.TC_CheckboxOperations" time="23.784" errors="0" timestamp="01 Aug 2022 18:51:21 GMT" skipped="0">
  <testcase classname="com.inetbanking.testCases.TC_CheckboxOperations" name="performcheckOperations" time="23.784"/>
</testsuite> <!-- com.inetbanking.testCases.TC_CheckboxOperations -->
