<?xml version="1.0" encoding="UTF-8"?>
<!-- Generated by org.testng.reporters.JUnitReportReporter -->
<testsuite hostname="LAPTOP-4BVHV7CE" failures="0" tests="1" name="com.inetbanking.testCases.TC_LoginTest_001" time="4.964" errors="0" timestamp="31 Jul 2022 11:09:27 GMT" skipped="0">
  <testcase classname="com.inetbanking.testCases.TC_LoginTest_001" name="loginTest" time="4.964"/>
</testsuite> <!-- com.inetbanking.testCases.TC_LoginTest_001 -->
