<?xml version="1.0" encoding="UTF-8"?>
<!-- Generated by org.testng.reporters.JUnitReportReporter -->
<testsuite hostname="LAPTOP-4BVHV7CE" failures="0" tests="1" name="com.inetbanking.testCases.TC_VerifyWebTableDDT" time="87.501" errors="0" timestamp="03 Aug 2022 10:51:38 GMT" skipped="0">
  <testcase classname="com.inetbanking.testCases.TC_VerifyWebTableDDT" name="webtabletest" time="87.501"/>
</testsuite> <!-- com.inetbanking.testCases.TC_VerifyWebTableDDT -->
